<?xml version="1.0" encoding="UTF-8"?>
<testsuite xmlns:xsi="http://www.w3.org/2001/XMLSchema-instance" xsi:noNamespaceSchemaLocation="https://maven.apache.org/surefire/maven-surefire-plugin/xsd/surefire-test-report.xsd" name="tn.esprit.spring.service.DeprtmentServiceImplTest" time="4.758" tests="5" errors="0" skipped="0" failures="0">
  <properties>
[...]
</properties>
  <testcase name="testDeleteDepartment" classname="tn.esprit.spring.service.DeprtmentServiceImplTest" time="0.206"/>
  <testcase name="testRetrieveAlldepartments" classname="tn.esprit.spring.service.DeprtmentServiceImplTest" time="0.186"/>
  <testcase name="testAddDepartment" classname="tn.esprit.spring.service.DeprtmentServiceImplTest" time="0.014"/>
  <testcase name="testRetrieveDepartment" classname="tn.esprit.spring.service.DeprtmentServiceImplTest" time="0.014"/>
  <testcase name="testModifyDepartment" classname="tn.esprit.spring.service.DeprtmentServiceImplTest" time="0.002"/>
</testsuite>