<?xml version="1.0" encoding="UTF-8"?>
<testsuite xmlns:xsi="http://www.w3.org/2001/XMLSchema-instance" xsi:noNamespaceSchemaLocation="https://maven.apache.org/surefire/maven-surefire-plugin/xsd/surefire-test-report.xsd" name="tn.esprit.spring.service.EmployeServiceImplTest" time="31.28" tests="5" errors="1" skipped="0" failures="1">
  <properties>
[...]
</properties>
  <testcase name="testRetrieveAllEmploye" classname="tn.esprit.spring.service.EmployeServiceImplTest" time="5.54">
    <failure message="expected:&lt;9&gt; but was:&lt;10&gt;" type="java.lang.AssertionError"><![CDATA[java.lang.AssertionError: expected:<9> but was:<10>
	at tn.esprit.spring.service.EmployeServiceImplTest.testRetrieveAllEmploye(EmployeServiceImplTest.java:34)
]]></failure>
    <system-out><![CDATA[17:25:57.734 [main] DEBUG org.springframework.test.context.junit4.SpringJUnit4ClassRunner - SpringJUnit4ClassRunner constructor called with [class tn.esprit.spring.service.EmployeServiceImplTest]
17:25:57.743 [main] DEBUG org.springframework.test.context.BootstrapUtils - Instantiating CacheAwareContextLoaderDelegate from class [org.springframework.test.context.cache.DefaultCacheAwareContextLoaderDelegate]
17:25:57.822 [main] DEBUG org.springframework.test.context.BootstrapUtils - Instantiating BootstrapContext using constructor [public org.springframework.test.context.support.DefaultBootstrapContext(java.lang.Class,org.springframework.test.context.CacheAwareContextLoaderDelegate)]
17:25:57.933 [main] DEBUG org.springframework.test.context.BootstrapUtils - Instantiating TestContextBootstrapper for test class [tn.esprit.spring.service.EmployeServiceImplTest] from class [org.springframework.boot.test.context.SpringBootTestContextBootstrapper]
17:25:58.033 [main] INFO org.springframework.boot.test.context.SpringBootTestContextBootstrapper - Neither @ContextConfiguration nor @ContextHierarchy found for test class [tn.esprit.spring.service.EmployeServiceImplTest], using SpringBootContextLoader
17:25:58.047 [main] DEBUG org.springframework.test.context.support.AbstractContextLoader - Did not detect default resource location for test class [tn.esprit.spring.service.EmployeServiceImplTest]: class path resource [tn/esprit/spring/service/EmployeServiceImplTest-context.xml] does not exist
17:25:58.048 [main] DEBUG org.springframework.test.context.support.AbstractContextLoader - Did not detect default resource location for test class [tn.esprit.spring.service.EmployeServiceImplTest]: class path resource [tn/esprit/spring/service/EmployeServiceImplTestContext.groovy] does not exist
17:25:58.050 [main] INFO org.springframework.test.context.support.AbstractContextLoader - Could not detect default resource locations for test class [tn.esprit.spring.service.EmployeServiceImplTest]: no resource found for suffixes {-context.xml, Context.groovy}.
17:25:58.052 [main] INFO org.springframework.test.context.support.AnnotationConfigContextLoaderUtils - Could not detect default configuration classes for test class [tn.esprit.spring.service.EmployeServiceImplTest]: EmployeServiceImplTest does not declare any static, non-private, non-final, nested classes annotated with @Configuration.
17:25:58.254 [main] DEBUG org.springframework.test.context.support.ActiveProfilesUtils - Could not find an 'annotation declaring class' for annotation type [org.springframework.test.context.ActiveProfiles] and class [tn.esprit.spring.service.EmployeServiceImplTest]
17:25:58.471 [main] DEBUG org.springframework.context.annotation.ClassPathScanningCandidateComponentProvider - Identified candidate component class: file [C:\Users\hamza.DESKTOP-F89DU6M\workspace-sts-3.8.4.RELEASE\timesheet-ci\target\classes\tn\esprit\spring\TimesheetApplication.class]
17:25:58.473 [main] INFO org.springframework.boot.test.context.SpringBootTestContextBootstrapper - Found @SpringBootConfiguration tn.esprit.spring.TimesheetApplication for test class tn.esprit.spring.service.EmployeServiceImplTest
17:25:58.834 [main] DEBUG org.springframework.boot.test.context.SpringBootTestContextBootstrapper - @TestExecutionListeners is not present for class [tn.esprit.spring.service.EmployeServiceImplTest]: using defaults.
17:25:58.835 [main] INFO org.springframework.boot.test.context.SpringBootTestContextBootstrapper - Loaded default TestExecutionListener class names from location [META-INF/spring.factories]: [org.springframework.boot.test.mock.mockito.MockitoTestExecutionListener, org.springframework.boot.test.mock.mockito.ResetMocksTestExecutionListener, org.springframework.boot.test.autoconfigure.restdocs.RestDocsTestExecutionListener, org.springframework.boot.test.autoconfigure.web.client.MockRestServiceServerResetTestExecutionListener, org.springframework.boot.test.autoconfigure.web.servlet.MockMvcPrintOnlyOnFailureTestExecutionListener, org.springframework.boot.test.autoconfigure.web.servlet.WebDriverTestExecutionListener, org.springframework.boot.test.autoconfigure.webservices.client.MockWebServiceServerTestExecutionListener, org.springframework.test.context.web.ServletTestExecutionListener, org.springframework.test.context.support.DirtiesContextBeforeModesTestExecutionListener, org.springframework.test.context.support.DependencyInjectionTestExecutionListener, org.springframework.test.context.support.DirtiesContextTestExecutionListener, org.springframework.test.context.transaction.TransactionalTestExecutionListener, org.springframework.test.context.jdbc.SqlScriptsTestExecutionListener, org.springframework.test.context.event.EventPublishingTestExecutionListener]
17:25:58.996 [main] INFO org.springframework.boot.test.context.SpringBootTestContextBootstrapper - Using TestExecutionListeners: [org.springframework.test.context.web.ServletTestExecutionListener@45297e7, org.springframework.test.context.support.DirtiesContextBeforeModesTestExecutionListener@4dd1548e, org.springframework.boot.test.mock.mockito.MockitoTestExecutionListener@54bb1194, org.springframework.boot.test.autoconfigure.SpringBootDependencyInjectionTestExecutionListener@1109730f, org.springframework.test.context.support.DirtiesContextTestExecutionListener@1f42366, org.springframework.test.context.transaction.TransactionalTestExecutionListener@46c662f2, org.springframework.test.context.jdbc.SqlScriptsTestExecutionListener@4afdfc0f, org.springframework.test.context.event.EventPublishingTestExecutionListener@10b67f54, org.springframework.boot.test.mock.mockito.ResetMocksTestExecutionListener@30798137, org.springframework.boot.test.autoconfigure.restdocs.RestDocsTestExecutionListener@455da438, org.springframework.boot.test.autoconfigure.web.client.MockRestServiceServerResetTestExecutionListener@60652518, org.springframework.boot.test.autoconfigure.web.servlet.MockMvcPrintOnlyOnFailureTestExecutionListener@438aaa9f, org.springframework.boot.test.autoconfigure.web.servlet.WebDriverTestExecutionListener@3f06ebe0, org.springframework.boot.test.autoconfigure.webservices.client.MockWebServiceServerTestExecutionListener@1752e45c]
17:25:58.999 [main] DEBUG org.springframework.test.annotation.ProfileValueUtils - Retrieved @ProfileValueSourceConfiguration [null] for test class [tn.esprit.spring.service.EmployeServiceImplTest]
17:25:59.001 [main] DEBUG org.springframework.test.annotation.ProfileValueUtils - Retrieved ProfileValueSource type [class org.springframework.test.annotation.SystemProfileValueSource] for class [tn.esprit.spring.service.EmployeServiceImplTest]
17:25:59.003 [main] DEBUG org.springframework.test.annotation.ProfileValueUtils - Retrieved @ProfileValueSourceConfiguration [null] for test class [tn.esprit.spring.service.EmployeServiceImplTest]
17:25:59.003 [main] DEBUG org.springframework.test.annotation.ProfileValueUtils - Retrieved ProfileValueSource type [class org.springframework.test.annotation.SystemProfileValueSource] for class [tn.esprit.spring.service.EmployeServiceImplTest]
17:25:59.042 [main] DEBUG org.springframework.test.annotation.ProfileValueUtils - Retrieved @ProfileValueSourceConfiguration [null] for test class [tn.esprit.spring.service.EmployeServiceImplTest]
17:25:59.043 [main] DEBUG org.springframework.test.annotation.ProfileValueUtils - Retrieved ProfileValueSource type [class org.springframework.test.annotation.SystemProfileValueSource] for class [tn.esprit.spring.service.EmployeServiceImplTest]
17:25:59.132 [main] DEBUG org.springframework.test.context.junit4.SpringJUnit4ClassRunner - SpringJUnit4ClassRunner constructor called with [class tn.esprit.spring.service.UserServiceImplTest]
17:25:59.132 [main] DEBUG org.springframework.test.context.BootstrapUtils - Instantiating CacheAwareContextLoaderDelegate from class [org.springframework.test.context.cache.DefaultCacheAwareContextLoaderDelegate]
17:25:59.133 [main] DEBUG org.springframework.test.context.BootstrapUtils - Instantiating BootstrapContext using constructor [public org.springframework.test.context.support.DefaultBootstrapContext(java.lang.Class,org.springframework.test.context.CacheAwareContextLoaderDelegate)]
17:25:59.134 [main] DEBUG org.springframework.test.context.BootstrapUtils - Instantiating TestContextBootstrapper for test class [tn.esprit.spring.service.UserServiceImplTest] from class [org.springframework.boot.test.context.SpringBootTestContextBootstrapper]
17:25:59.136 [main] INFO org.springframework.boot.test.context.SpringBootTestContextBootstrapper - Neither @ContextConfiguration nor @ContextHierarchy found for test class [tn.esprit.spring.service.UserServiceImplTest], using SpringBootContextLoader
17:25:59.137 [main] DEBUG org.springframework.test.context.support.AbstractContextLoader - Did not detect default resource location for test class [tn.esprit.spring.service.UserServiceImplTest]: class path resource [tn/esprit/spring/service/UserServiceImplTest-context.xml] does not exist
17:25:59.137 [main] DEBUG org.springframework.test.context.support.AbstractContextLoader - Did not detect default resource location for test class [tn.esprit.spring.service.UserServiceImplTest]: class path resource [tn/esprit/spring/service/UserServiceImplTestContext.groovy] does not exist
17:25:59.138 [main] INFO org.springframework.test.context.support.AbstractContextLoader - Could not detect default resource locations for test class [tn.esprit.spring.service.UserServiceImplTest]: no resource found for suffixes {-context.xml, Context.groovy}.
17:25:59.138 [main] INFO org.springframework.test.context.support.AnnotationConfigContextLoaderUtils - Could not detect default configuration classes for test class [tn.esprit.spring.service.UserServiceImplTest]: UserServiceImplTest does not declare any static, non-private, non-final, nested classes annotated with @Configuration.
17:25:59.141 [main] DEBUG org.springframework.test.context.support.ActiveProfilesUtils - Could not find an 'annotation declaring class' for annotation type [org.springframework.test.context.ActiveProfiles] and class [tn.esprit.spring.service.UserServiceImplTest]
17:25:59.142 [main] INFO org.springframework.boot.test.context.SpringBootTestContextBootstrapper - Found @SpringBootConfiguration tn.esprit.spring.TimesheetApplication for test class tn.esprit.spring.service.UserServiceImplTest
17:25:59.145 [main] DEBUG org.springframework.boot.test.context.SpringBootTestContextBootstrapper - @TestExecutionListeners is not present for class [tn.esprit.spring.service.UserServiceImplTest]: using defaults.
17:25:59.146 [main] INFO org.springframework.boot.test.context.SpringBootTestContextBootstrapper - Loaded default TestExecutionListener class names from location [META-INF/spring.factories]: [org.springframework.boot.test.mock.mockito.MockitoTestExecutionListener, org.springframework.boot.test.mock.mockito.ResetMocksTestExecutionListener, org.springframework.boot.test.autoconfigure.restdocs.RestDocsTestExecutionListener, org.springframework.boot.test.autoconfigure.web.client.MockRestServiceServerResetTestExecutionListener, org.springframework.boot.test.autoconfigure.web.servlet.MockMvcPrintOnlyOnFailureTestExecutionListener, org.springframework.boot.test.autoconfigure.web.servlet.WebDriverTestExecutionListener, org.springframework.boot.test.autoconfigure.webservices.client.MockWebServiceServerTestExecutionListener, org.springframework.test.context.web.ServletTestExecutionListener, org.springframework.test.context.support.DirtiesContextBeforeModesTestExecutionListener, org.springframework.test.context.support.DependencyInjectionTestExecutionListener, org.springframework.test.context.support.DirtiesContextTestExecutionListener, org.springframework.test.context.transaction.TransactionalTestExecutionListener, org.springframework.test.context.jdbc.SqlScriptsTestExecutionListener, org.springframework.test.context.event.EventPublishingTestExecutionListener]
17:25:59.146 [main] INFO org.springframework.boot.test.context.SpringBootTestContextBootstrapper - Using TestExecutionListeners: [org.springframework.test.context.web.ServletTestExecutionListener@580c17a0, org.springframework.test.context.support.DirtiesContextBeforeModesTestExecutionListener@29d2fa84, org.springframework.boot.test.mock.mockito.MockitoTestExecutionListener@4540c7, org.springframework.boot.test.autoconfigure.SpringBootDependencyInjectionTestExecutionListener@13c90c06, org.springframework.test.context.support.DirtiesContextTestExecutionListener@2bc0b8c8, org.springframework.test.context.transaction.TransactionalTestExecutionListener@15f861ee, org.springframework.test.context.jdbc.SqlScriptsTestExecutionListener@3f1158ee, org.springframework.test.context.event.EventPublishingTestExecutionListener@6463da36, org.springframework.boot.test.mock.mockito.ResetMocksTestExecutionListener@4a4b288a, org.springframework.boot.test.autoconfigure.restdocs.RestDocsTestExecutionListener@1c6ac73c, org.springframework.boot.test.autoconfigure.web.client.MockRestServiceServerResetTestExecutionListener@29892a77, org.springframework.boot.test.autoconfigure.web.servlet.MockMvcPrintOnlyOnFailureTestExecutionListener@5341e71a, org.springframework.boot.test.autoconfigure.web.servlet.WebDriverTestExecutionListener@405d8a80, org.springframework.boot.test.autoconfigure.webservices.client.MockWebServiceServerTestExecutionListener@ac4e690]
17:25:59.147 [main] DEBUG org.springframework.test.annotation.ProfileValueUtils - Retrieved @ProfileValueSourceConfiguration [null] for test class [tn.esprit.spring.service.UserServiceImplTest]
17:25:59.147 [main] DEBUG org.springframework.test.annotation.ProfileValueUtils - Retrieved ProfileValueSource type [class org.springframework.test.annotation.SystemProfileValueSource] for class [tn.esprit.spring.service.UserServiceImplTest]
17:25:59.147 [main] DEBUG org.springframework.test.annotation.ProfileValueUtils - Retrieved @ProfileValueSourceConfiguration [null] for test class [tn.esprit.spring.service.UserServiceImplTest]
17:25:59.148 [main] DEBUG org.springframework.test.annotation.ProfileValueUtils - Retrieved ProfileValueSource type [class org.springframework.test.annotation.SystemProfileValueSource] for class [tn.esprit.spring.service.UserServiceImplTest]
17:25:59.148 [main] DEBUG org.springframework.test.annotation.ProfileValueUtils - Retrieved @ProfileValueSourceConfiguration [null] for test class [tn.esprit.spring.service.UserServiceImplTest]
17:25:59.148 [main] DEBUG org.springframework.test.annotation.ProfileValueUtils - Retrieved ProfileValueSource type [class org.springframework.test.annotation.SystemProfileValueSource] for class [tn.esprit.spring.service.UserServiceImplTest]
17:25:59.158 [main] DEBUG org.springframework.test.context.junit4.SpringJUnit4ClassRunner - SpringJUnit4ClassRunner constructor called with [class tn.esprit.spring.service.EmployeServiceImplTest]
17:25:59.159 [main] DEBUG org.springframework.test.context.BootstrapUtils - Instantiating CacheAwareContextLoaderDelegate from class [org.springframework.test.context.cache.DefaultCacheAwareContextLoaderDelegate]
17:25:59.159 [main] DEBUG org.springframework.test.context.BootstrapUtils - Instantiating BootstrapContext using constructor [public org.springframework.test.context.support.DefaultBootstrapContext(java.lang.Class,org.springframework.test.context.CacheAwareContextLoaderDelegate)]
17:25:59.160 [main] DEBUG org.springframework.test.context.BootstrapUtils - Instantiating TestContextBootstrapper for test class [tn.esprit.spring.service.EmployeServiceImplTest] from class [org.springframework.boot.test.context.SpringBootTestContextBootstrapper]
17:25:59.161 [main] INFO org.springframework.boot.test.context.SpringBootTestContextBootstrapper - Neither @ContextConfiguration nor @ContextHierarchy found for test class [tn.esprit.spring.service.EmployeServiceImplTest], using SpringBootContextLoader
17:25:59.163 [main] DEBUG org.springframework.test.context.support.AbstractContextLoader - Did not detect default resource location for test class [tn.esprit.spring.service.EmployeServiceImplTest]: class path resource [tn/esprit/spring/service/EmployeServiceImplTest-context.xml] does not exist
17:25:59.163 [main] DEBUG org.springframework.test.context.support.AbstractContextLoader - Did not detect default resource location for test class [tn.esprit.spring.service.EmployeServiceImplTest]: class path resource [tn/esprit/spring/service/EmployeServiceImplTestContext.groovy] does not exist
17:25:59.164 [main] INFO org.springframework.test.context.support.AbstractContextLoader - Could not detect default resource locations for test class [tn.esprit.spring.service.EmployeServiceImplTest]: no resource found for suffixes {-context.xml, Context.groovy}.
17:25:59.164 [main] INFO org.springframework.test.context.support.AnnotationConfigContextLoaderUtils - Could not detect default configuration classes for test class [tn.esprit.spring.service.EmployeServiceImplTest]: EmployeServiceImplTest does not declare any static, non-private, non-final, nested classes annotated with @Configuration.
17:25:59.167 [main] DEBUG org.springframework.test.context.support.ActiveProfilesUtils - Could not find an 'annotation declaring class' for annotation type [org.springframework.test.context.ActiveProfiles] and class [tn.esprit.spring.service.EmployeServiceImplTest]
17:25:59.167 [main] INFO org.springframework.boot.test.context.SpringBootTestContextBootstrapper - Found @SpringBootConfiguration tn.esprit.spring.TimesheetApplication for test class tn.esprit.spring.service.EmployeServiceImplTest
17:25:59.171 [main] DEBUG org.springframework.boot.test.context.SpringBootTestContextBootstrapper - @TestExecutionListeners is not present for class [tn.esprit.spring.service.EmployeServiceImplTest]: using defaults.
17:25:59.171 [main] INFO org.springframework.boot.test.context.SpringBootTestContextBootstrapper - Loaded default TestExecutionListener class names from location [META-INF/spring.factories]: [org.springframework.boot.test.mock.mockito.MockitoTestExecutionListener, org.springframework.boot.test.mock.mockito.ResetMocksTestExecutionListener, org.springframework.boot.test.autoconfigure.restdocs.RestDocsTestExecutionListener, org.springframework.boot.test.autoconfigure.web.client.MockRestServiceServerResetTestExecutionListener, org.springframework.boot.test.autoconfigure.web.servlet.MockMvcPrintOnlyOnFailureTestExecutionListener, org.springframework.boot.test.autoconfigure.web.servlet.WebDriverTestExecutionListener, org.springframework.boot.test.autoconfigure.webservices.client.MockWebServiceServerTestExecutionListener, org.springframework.test.context.web.ServletTestExecutionListener, org.springframework.test.context.support.DirtiesContextBeforeModesTestExecutionListener, org.springframework.test.context.support.DependencyInjectionTestExecutionListener, org.springframework.test.context.support.DirtiesContextTestExecutionListener, org.springframework.test.context.transaction.TransactionalTestExecutionListener, org.springframework.test.context.jdbc.SqlScriptsTestExecutionListener, org.springframework.test.context.event.EventPublishingTestExecutionListener]
17:25:59.172 [main] INFO org.springframework.boot.test.context.SpringBootTestContextBootstrapper - Using TestExecutionListeners: [org.springframework.test.context.web.ServletTestExecutionListener@4fa5cc73, org.springframework.test.context.support.DirtiesContextBeforeModesTestExecutionListener@224e6e88, org.springframework.boot.test.mock.mockito.MockitoTestExecutionListener@70139a81, org.springframework.boot.test.autoconfigure.SpringBootDependencyInjectionTestExecutionListener@60f9dc7e, org.springframework.test.context.support.DirtiesContextTestExecutionListener@15e5246, org.springframework.test.context.transaction.TransactionalTestExecutionListener@503556cb, org.springframework.test.context.jdbc.SqlScriptsTestExecutionListener@3c9e19de, org.springframework.test.context.event.EventPublishingTestExecutionListener@12aa381f, org.springframework.boot.test.mock.mockito.ResetMocksTestExecutionListener@6115846e, org.springframework.boot.test.autoconfigure.restdocs.RestDocsTestExecutionListener@1bec1589, org.springframework.boot.test.autoconfigure.web.client.MockRestServiceServerResetTestExecutionListener@57f0bfc3, org.springframework.boot.test.autoconfigure.web.servlet.MockMvcPrintOnlyOnFailureTestExecutionListener@14590fe2, org.springframework.boot.test.autoconfigure.web.servlet.WebDriverTestExecutionListener@5922cff3, org.springframework.boot.test.autoconfigure.webservices.client.MockWebServiceServerTestExecutionListener@2299d903]
17:25:59.173 [main] DEBUG org.springframework.test.annotation.ProfileValueUtils - Retrieved @ProfileValueSourceConfiguration [null] for test class [tn.esprit.spring.service.EmployeServiceImplTest]
17:25:59.173 [main] DEBUG org.springframework.test.annotation.ProfileValueUtils - Retrieved ProfileValueSource type [class org.springframework.test.annotation.SystemProfileValueSource] for class [tn.esprit.spring.service.EmployeServiceImplTest]
17:25:59.173 [main] DEBUG org.springframework.test.annotation.ProfileValueUtils - Retrieved @ProfileValueSourceConfiguration [null] for test class [tn.esprit.spring.service.EmployeServiceImplTest]
17:25:59.174 [main] DEBUG org.springframework.test.annotation.ProfileValueUtils - Retrieved ProfileValueSource type [class org.springframework.test.annotation.SystemProfileValueSource] for class [tn.esprit.spring.service.EmployeServiceImplTest]
17:25:59.174 [main] DEBUG org.springframework.test.annotation.ProfileValueUtils - Retrieved @ProfileValueSourceConfiguration [null] for test class [tn.esprit.spring.service.EmployeServiceImplTest]
17:25:59.174 [main] DEBUG org.springframework.test.annotation.ProfileValueUtils - Retrieved ProfileValueSource type [class org.springframework.test.annotation.SystemProfileValueSource] for class [tn.esprit.spring.service.EmployeServiceImplTest]
17:25:59.175 [main] DEBUG org.springframework.test.context.junit4.SpringJUnit4ClassRunner - SpringJUnit4ClassRunner constructor called with [class tn.esprit.spring.service.UserServiceImplTest]
17:25:59.175 [main] DEBUG org.springframework.test.context.BootstrapUtils - Instantiating CacheAwareContextLoaderDelegate from class [org.springframework.test.context.cache.DefaultCacheAwareContextLoaderDelegate]
17:25:59.175 [main] DEBUG org.springframework.test.context.BootstrapUtils - Instantiating BootstrapContext using constructor [public org.springframework.test.context.support.DefaultBootstrapContext(java.lang.Class,org.springframework.test.context.CacheAwareContextLoaderDelegate)]
17:25:59.176 [main] DEBUG org.springframework.test.context.BootstrapUtils - Instantiating TestContextBootstrapper for test class [tn.esprit.spring.service.UserServiceImplTest] from class [org.springframework.boot.test.context.SpringBootTestContextBootstrapper]
17:25:59.177 [main] INFO org.springframework.boot.test.context.SpringBootTestContextBootstrapper - Neither @ContextConfiguration nor @ContextHierarchy found for test class [tn.esprit.spring.service.UserServiceImplTest], using SpringBootContextLoader
17:25:59.178 [main] DEBUG org.springframework.test.context.support.AbstractContextLoader - Did not detect default resource location for test class [tn.esprit.spring.service.UserServiceImplTest]: class path resource [tn/esprit/spring/service/UserServiceImplTest-context.xml] does not exist
17:25:59.178 [main] DEBUG org.springframework.test.context.support.AbstractContextLoader - Did not detect default resource location for test class [tn.esprit.spring.service.UserServiceImplTest]: class path resource [tn/esprit/spring/service/UserServiceImplTestContext.groovy] does not exist
17:25:59.178 [main] INFO org.springframework.test.context.support.AbstractContextLoader - Could not detect default resource locations for test class [tn.esprit.spring.service.UserServiceImplTest]: no resource found for suffixes {-context.xml, Context.groovy}.
17:25:59.178 [main] INFO org.springframework.test.context.support.AnnotationConfigContextLoaderUtils - Could not detect default configuration classes for test class [tn.esprit.spring.service.UserServiceImplTest]: UserServiceImplTest does not declare any static, non-private, non-final, nested classes annotated with @Configuration.
17:25:59.181 [main] DEBUG org.springframework.test.context.support.ActiveProfilesUtils - Could not find an 'annotation declaring class' for annotation type [org.springframework.test.context.ActiveProfiles] and class [tn.esprit.spring.service.UserServiceImplTest]
17:25:59.182 [main] INFO org.springframework.boot.test.context.SpringBootTestContextBootstrapper - Found @SpringBootConfiguration tn.esprit.spring.TimesheetApplication for test class tn.esprit.spring.service.UserServiceImplTest
17:25:59.185 [main] DEBUG org.springframework.boot.test.context.SpringBootTestContextBootstrapper - @TestExecutionListeners is not present for class [tn.esprit.spring.service.UserServiceImplTest]: using defaults.
17:25:59.185 [main] INFO org.springframework.boot.test.context.SpringBootTestContextBootstrapper - Loaded default TestExecutionListener class names from location [META-INF/spring.factories]: [org.springframework.boot.test.mock.mockito.MockitoTestExecutionListener, org.springframework.boot.test.mock.mockito.ResetMocksTestExecutionListener, org.springframework.boot.test.autoconfigure.restdocs.RestDocsTestExecutionListener, org.springframework.boot.test.autoconfigure.web.client.MockRestServiceServerResetTestExecutionListener, org.springframework.boot.test.autoconfigure.web.servlet.MockMvcPrintOnlyOnFailureTestExecutionListener, org.springframework.boot.test.autoconfigure.web.servlet.WebDriverTestExecutionListener, org.springframework.boot.test.autoconfigure.webservices.client.MockWebServiceServerTestExecutionListener, org.springframework.test.context.web.ServletTestExecutionListener, org.springframework.test.context.support.DirtiesContextBeforeModesTestExecutionListener, org.springframework.test.context.support.DependencyInjectionTestExecutionListener, org.springframework.test.context.support.DirtiesContextTestExecutionListener, org.springframework.test.context.transaction.TransactionalTestExecutionListener, org.springframework.test.context.jdbc.SqlScriptsTestExecutionListener, org.springframework.test.context.event.EventPublishingTestExecutionListener]
17:25:59.186 [main] INFO org.springframework.boot.test.context.SpringBootTestContextBootstrapper - Using TestExecutionListeners: [org.springframework.test.context.web.ServletTestExecutionListener@2c3f43d1, org.springframework.test.context.support.DirtiesContextBeforeModesTestExecutionListener@632d4cf2, org.springframework.boot.test.mock.mockito.MockitoTestExecutionListener@f10d055, org.springframework.boot.test.autoconfigure.SpringBootDependencyInjectionTestExecutionListener@542ff147, org.springframework.test.context.support.DirtiesContextTestExecutionListener@2d801d8, org.springframework.test.context.transaction.TransactionalTestExecutionListener@b9b97ad, org.springframework.test.context.jdbc.SqlScriptsTestExecutionListener@2807cf3, org.springframework.test.context.event.EventPublishingTestExecutionListener@298e002d, org.springframework.boot.test.mock.mockito.ResetMocksTestExecutionListener@6b9a1205, org.springframework.boot.test.autoconfigure.restdocs.RestDocsTestExecutionListener@3c6bd624, org.springframework.boot.test.autoconfigure.web.client.MockRestServiceServerResetTestExecutionListener@3d8d52be, org.springframework.boot.test.autoconfigure.web.servlet.MockMvcPrintOnlyOnFailureTestExecutionListener@645ba24a, org.springframework.boot.test.autoconfigure.web.servlet.WebDriverTestExecutionListener@5f6a8efe, org.springframework.boot.test.autoconfigure.webservices.client.MockWebServiceServerTestExecutionListener@3dd2b9c1]
17:25:59.187 [main] DEBUG org.springframework.test.annotation.ProfileValueUtils - Retrieved @ProfileValueSourceConfiguration [null] for test class [tn.esprit.spring.service.UserServiceImplTest]
17:25:59.187 [main] DEBUG org.springframework.test.annotation.ProfileValueUtils - Retrieved ProfileValueSource type [class org.springframework.test.annotation.SystemProfileValueSource] for class [tn.esprit.spring.service.UserServiceImplTest]
17:25:59.188 [main] DEBUG org.springframework.test.annotation.ProfileValueUtils - Retrieved @ProfileValueSourceConfiguration [null] for test class [tn.esprit.spring.service.UserServiceImplTest]
17:25:59.188 [main] DEBUG org.springframework.test.annotation.ProfileValueUtils - Retrieved ProfileValueSource type [class org.springframework.test.annotation.SystemProfileValueSource] for class [tn.esprit.spring.service.UserServiceImplTest]
17:25:59.188 [main] DEBUG org.springframework.test.annotation.ProfileValueUtils - Retrieved @ProfileValueSourceConfiguration [null] for test class [tn.esprit.spring.service.UserServiceImplTest]
17:25:59.188 [main] DEBUG org.springframework.test.annotation.ProfileValueUtils - Retrieved ProfileValueSource type [class org.springframework.test.annotation.SystemProfileValueSource] for class [tn.esprit.spring.service.UserServiceImplTest]
17:25:59.408 [main] DEBUG org.springframework.test.annotation.ProfileValueUtils - Retrieved @ProfileValueSourceConfiguration [null] for test class [tn.esprit.spring.service.EmployeServiceImplTest]
17:25:59.408 [main] DEBUG org.springframework.test.annotation.ProfileValueUtils - Retrieved ProfileValueSource type [class org.springframework.test.annotation.SystemProfileValueSource] for class [tn.esprit.spring.service.EmployeServiceImplTest]
17:25:59.412 [main] DEBUG org.springframework.test.annotation.ProfileValueUtils - Retrieved @ProfileValueSourceConfiguration [null] for test class [tn.esprit.spring.service.EmployeServiceImplTest]
17:25:59.413 [main] DEBUG org.springframework.test.annotation.ProfileValueUtils - Retrieved ProfileValueSource type [class org.springframework.test.annotation.SystemProfileValueSource] for class [tn.esprit.spring.service.EmployeServiceImplTest]
17:25:59.414 [main] DEBUG org.springframework.test.annotation.ProfileValueUtils - Retrieved @ProfileValueSourceConfiguration [null] for test class [tn.esprit.spring.service.EmployeServiceImplTest]
17:25:59.414 [main] DEBUG org.springframework.test.annotation.ProfileValueUtils - Retrieved ProfileValueSource type [class org.springframework.test.annotation.SystemProfileValueSource] for class [tn.esprit.spring.service.EmployeServiceImplTest]
17:25:59.423 [main] DEBUG org.springframework.test.context.support.AbstractDirtiesContextTestExecutionListener - Before test class: context [DefaultTestContext@3220c28 testClass = EmployeServiceImplTest, testInstance = [null], testMethod = [null], testException = [null], mergedContextConfiguration = [WebMergedContextConfiguration@6ae42248 testClass = EmployeServiceImplTest, locations = '{}', classes = '{class tn.esprit.spring.TimesheetApplication}', contextInitializerClasses = '[]', activeProfiles = '{}', propertySourceLocations = '{}', propertySourceProperties = '{org.springframework.boot.test.context.SpringBootTestContextBootstrapper=true}', contextCustomizers = set[org.springframework.boot.test.context.filter.ExcludeFilterContextCustomizer@30ca0779, org.springframework.boot.test.json.DuplicateJsonObjectContextCustomizerFactory$DuplicateJsonObjectContextCustomizer@6f70a21b, org.springframework.boot.test.mock.mockito.MockitoContextCustomizer@0, org.springframework.boot.test.web.client.TestRestTemplateContextCustomizer@43f9dd56, org.springframework.boot.test.autoconfigure.properties.PropertyMappingContextCustomizer@0, org.springframework.boot.test.autoconfigure.web.servlet.WebDriverContextCustomizerFactory$Customizer@6fc6deb7, org.springframework.boot.test.context.SpringBootTestArgs@1, org.springframework.boot.test.context.SpringBootTestWebEnvironment@29138d3a], resourceBasePath = 'src/main/webapp', contextLoader = 'org.springframework.boot.test.context.SpringBootContextLoader', parent = [null]], attributes = map['org.springframework.test.context.web.ServletTestExecutionListener.activateListener' -> true]], class annotated with @DirtiesContext [false] with mode [null].
17:25:59.425 [main] DEBUG org.springframework.test.annotation.ProfileValueUtils - Retrieved @ProfileValueSourceConfiguration [null] for test class [tn.esprit.spring.service.EmployeServiceImplTest]
17:25:59.426 [main] DEBUG org.springframework.test.annotation.ProfileValueUtils - Retrieved ProfileValueSource type [class org.springframework.test.annotation.SystemProfileValueSource] for class [tn.esprit.spring.service.EmployeServiceImplTest]
17:25:59.512 [main] DEBUG org.springframework.test.context.support.TestPropertySourceUtils - Adding inlined properties to environment: {spring.jmx.enabled=false, org.springframework.boot.test.context.SpringBootTestContextBootstrapper=true}

  .   ____          _            __ _ _
 /\\ / ___'_ __ _ _(_)_ __  __ _ \ \ \ \
( ( )\___ | '_ | '_| | '_ \/ _` | \ \ \ \
 \\/  ___)| |_)| | | | | || (_| |  ) ) ) )
  '  |____| .__|_| |_|_| |_\__, | / / / /
 =========|_|==============|___/=/_/_/_/
 :: Spring Boot ::        (v2.3.5.RELEASE)

2021-10-21 17:26:01 - INFO  - tn.esprit.spring.service.EmployeServiceImplTest - Starting EmployeServiceImplTest on DESKTOP-F89DU6M with PID 21628 (started by hamza in C:\Users\hamza.DESKTOP-F89DU6M\workspace-sts-3.8.4.RELEASE\timesheet-ci)
2021-10-21 17:26:01 - INFO  - tn.esprit.spring.service.EmployeServiceImplTest - No active profile set, falling back to default profiles: default
2021-10-21 17:26:05 - INFO  - org.hibernate.jpa.internal.util.LogHelper - HHH000204: Processing PersistenceUnitInfo [name: default]
2021-10-21 17:26:05 - INFO  - org.hibernate.Version - HHH000412: Hibernate ORM core version 5.4.22.Final
2021-10-21 17:26:06 - WARN  - o.s.b.a.orm.jpa.JpaBaseConfiguration$JpaWebConfiguration - spring.jpa.open-in-view is enabled by default. Therefore, database queries may be performed during view rendering. Explicitly configure spring.jpa.open-in-view to disable this warning
2021-10-21 17:26:06 - INFO  - org.hibernate.annotations.common.Version - HCANN000001: Hibernate Commons Annotations {5.1.0.Final}
2021-10-21 17:26:09 - INFO  - org.hibernate.dialect.Dialect - HHH000400: Using dialect: org.hibernate.dialect.MySQL5InnoDBDialect
2021-10-21 17:26:20 - INFO  - o.h.e.transaction.jta.platform.internal.JtaPlatformInitiator - HHH000490: Using JtaPlatform implementation: [org.hibernate.engine.transaction.jta.platform.internal.NoJtaPlatform]
2021-10-21 17:26:23 - INFO  - tn.esprit.spring.service.EmployeServiceImplTest - Started EmployeServiceImplTest in 23.897 seconds (JVM running for 28.401)
2021-10-21 17:26:25 - INFO  - tn.esprit.spring.services.EmployeServiceImpl - In retrieveAllUsers() : 
Hibernate: select employe0_.id as id1_3_, employe0_.actif as actif2_3_, employe0_.contrat_reference as contrat_8_3_, employe0_.email as email3_3_, employe0_.nom as nom4_3_, employe0_.password as password5_3_, employe0_.prenom as prenom6_3_, employe0_.role as role7_3_ from employe employe0_
2021-10-21 17:26:29 - INFO  - tn.esprit.spring.services.EmployeServiceImpl - Out of retrieveAllEmploye() : 
]]></system-out>
  </testcase>
  <testcase name="testModifyEmploye" classname="tn.esprit.spring.service.EmployeServiceImplTest" time="0.307"/>
  <testcase name="testAddEmploye" classname="tn.esprit.spring.service.EmployeServiceImplTest" time="0.97"/>
  <testcase name="testDeleteUser" classname="tn.esprit.spring.service.EmployeServiceImplTest" time="0.113">
    <error message="No class tn.esprit.spring.entities.Employe entity with id 2 exists!" type="org.springframework.dao.EmptyResultDataAccessException">org.springframework.dao.EmptyResultDataAccessException: No class tn.esprit.spring.entities.Employe entity with id 2 exists!
	at tn.esprit.spring.service.EmployeServiceImplTest.testDeleteUser(EmployeServiceImplTest.java:60)
</error>
    <system-out><![CDATA[Hibernate: select employe0_.id as id1_3_0_, employe0_.actif as actif2_3_0_, employe0_.contrat_reference as contrat_8_3_0_, employe0_.email as email3_3_0_, employe0_.nom as nom4_3_0_, employe0_.password as password5_3_0_, employe0_.prenom as prenom6_3_0_, employe0_.role as role7_3_0_, contrat1_.reference as referenc1_0_1_, contrat1_.date_debut as date_deb2_0_1_, contrat1_.salaire as salaire3_0_1_, contrat1_.type_contrat as type_con4_0_1_ from employe employe0_ left outer join contrat contrat1_ on employe0_.contrat_reference=contrat1_.reference where employe0_.id=?
]]></system-out>
  </testcase>
  <testcase name="testRetrieveUser" classname="tn.esprit.spring.service.EmployeServiceImplTest" time="0.015"/>
</testsuite>