<?xml version="1.0" encoding="UTF-8"?>
<testsuite xmlns:xsi="http://www.w3.org/2001/XMLSchema-instance" xsi:noNamespaceSchemaLocation="https://maven.apache.org/surefire/maven-surefire-plugin/xsd/surefire-test-report.xsd" name="tn.esprit.spring.service.DeprtmentServiceImplTest" time="5.231" tests="5" errors="2" skipped="0" failures="1">
  <properties>
[...]
</properties>
  <testcase name="testDeleteDepartment" classname="tn.esprit.spring.service.DeprtmentServiceImplTest" time="0.149">
    <error message="No class tn.esprit.spring.entities.Departement entity with id 2 exists!" type="org.springframework.dao.EmptyResultDataAccessException">org.springframework.dao.EmptyResultDataAccessException: No class tn.esprit.spring.entities.Departement entity with id 2 exists!
	at tn.esprit.spring.service.DeprtmentServiceImplTest.testDeleteDepartment(DeprtmentServiceImplTest.java:56)
</error>
    <system-out><![CDATA[14:03:35.879 [main] DEBUG org.springframework.test.context.junit4.SpringJUnit4ClassRunner - SpringJUnit4ClassRunner constructor called with [class tn.esprit.spring.service.DeprtmentServiceImplTest]
14:03:35.885 [main] DEBUG org.springframework.test.context.BootstrapUtils - Instantiating CacheAwareContextLoaderDelegate from class [org.springframework.test.context.cache.DefaultCacheAwareContextLoaderDelegate]
14:03:35.899 [main] DEBUG org.springframework.test.context.BootstrapUtils - Instantiating BootstrapContext using constructor [public org.springframework.test.context.support.DefaultBootstrapContext(java.lang.Class,org.springframework.test.context.CacheAwareContextLoaderDelegate)]
14:03:35.940 [main] DEBUG org.springframework.test.context.BootstrapUtils - Instantiating TestContextBootstrapper for test class [tn.esprit.spring.service.DeprtmentServiceImplTest] from class [org.springframework.boot.test.context.SpringBootTestContextBootstrapper]
14:03:35.963 [main] INFO org.springframework.boot.test.context.SpringBootTestContextBootstrapper - Neither @ContextConfiguration nor @ContextHierarchy found for test class [tn.esprit.spring.service.DeprtmentServiceImplTest], using SpringBootContextLoader
14:03:35.969 [main] DEBUG org.springframework.test.context.support.AbstractContextLoader - Did not detect default resource location for test class [tn.esprit.spring.service.DeprtmentServiceImplTest]: class path resource [tn/esprit/spring/service/DeprtmentServiceImplTest-context.xml] does not exist
14:03:35.969 [main] DEBUG org.springframework.test.context.support.AbstractContextLoader - Did not detect default resource location for test class [tn.esprit.spring.service.DeprtmentServiceImplTest]: class path resource [tn/esprit/spring/service/DeprtmentServiceImplTestContext.groovy] does not exist
14:03:35.969 [main] INFO org.springframework.test.context.support.AbstractContextLoader - Could not detect default resource locations for test class [tn.esprit.spring.service.DeprtmentServiceImplTest]: no resource found for suffixes {-context.xml, Context.groovy}.
14:03:35.970 [main] INFO org.springframework.test.context.support.AnnotationConfigContextLoaderUtils - Could not detect default configuration classes for test class [tn.esprit.spring.service.DeprtmentServiceImplTest]: DeprtmentServiceImplTest does not declare any static, non-private, non-final, nested classes annotated with @Configuration.
14:03:36.022 [main] DEBUG org.springframework.test.context.support.ActiveProfilesUtils - Could not find an 'annotation declaring class' for annotation type [org.springframework.test.context.ActiveProfiles] and class [tn.esprit.spring.service.DeprtmentServiceImplTest]
14:03:36.114 [main] DEBUG org.springframework.context.annotation.ClassPathScanningCandidateComponentProvider - Identified candidate component class: file [C:\Users\ahmed\Documents\workspace-sts-3.8.4.RELEASE\Timesheet\timesheet-ci\target\classes\tn\esprit\spring\TimesheetApplication.class]
14:03:36.115 [main] INFO org.springframework.boot.test.context.SpringBootTestContextBootstrapper - Found @SpringBootConfiguration tn.esprit.spring.TimesheetApplication for test class tn.esprit.spring.service.DeprtmentServiceImplTest
14:03:36.245 [main] DEBUG org.springframework.boot.test.context.SpringBootTestContextBootstrapper - @TestExecutionListeners is not present for class [tn.esprit.spring.service.DeprtmentServiceImplTest]: using defaults.
14:03:36.245 [main] INFO org.springframework.boot.test.context.SpringBootTestContextBootstrapper - Loaded default TestExecutionListener class names from location [META-INF/spring.factories]: [org.springframework.boot.test.mock.mockito.MockitoTestExecutionListener, org.springframework.boot.test.mock.mockito.ResetMocksTestExecutionListener, org.springframework.boot.test.autoconfigure.restdocs.RestDocsTestExecutionListener, org.springframework.boot.test.autoconfigure.web.client.MockRestServiceServerResetTestExecutionListener, org.springframework.boot.test.autoconfigure.web.servlet.MockMvcPrintOnlyOnFailureTestExecutionListener, org.springframework.boot.test.autoconfigure.web.servlet.WebDriverTestExecutionListener, org.springframework.boot.test.autoconfigure.webservices.client.MockWebServiceServerTestExecutionListener, org.springframework.test.context.web.ServletTestExecutionListener, org.springframework.test.context.support.DirtiesContextBeforeModesTestExecutionListener, org.springframework.test.context.support.DependencyInjectionTestExecutionListener, org.springframework.test.context.support.DirtiesContextTestExecutionListener, org.springframework.test.context.transaction.TransactionalTestExecutionListener, org.springframework.test.context.jdbc.SqlScriptsTestExecutionListener, org.springframework.test.context.event.EventPublishingTestExecutionListener]
14:03:36.268 [main] INFO org.springframework.boot.test.context.SpringBootTestContextBootstrapper - Using TestExecutionListeners: [org.springframework.test.context.web.ServletTestExecutionListener@3c09a350, org.springframework.test.context.support.DirtiesContextBeforeModesTestExecutionListener@592a1882, org.springframework.boot.test.mock.mockito.MockitoTestExecutionListener@48368a08, org.springframework.boot.test.autoconfigure.SpringBootDependencyInjectionTestExecutionListener@41a23470, org.springframework.test.context.support.DirtiesContextTestExecutionListener@30c01c37, org.springframework.test.context.transaction.TransactionalTestExecutionListener@39a7eca5, org.springframework.test.context.jdbc.SqlScriptsTestExecutionListener@45bd4753, org.springframework.test.context.event.EventPublishingTestExecutionListener@156cfa20, org.springframework.boot.test.mock.mockito.ResetMocksTestExecutionListener@25fd6d1e, org.springframework.boot.test.autoconfigure.restdocs.RestDocsTestExecutionListener@23396fc0, org.springframework.boot.test.autoconfigure.web.client.MockRestServiceServerResetTestExecutionListener@c11332b, org.springframework.boot.test.autoconfigure.web.servlet.MockMvcPrintOnlyOnFailureTestExecutionListener@7e5e6573, org.springframework.boot.test.autoconfigure.web.servlet.WebDriverTestExecutionListener@3005623b, org.springframework.boot.test.autoconfigure.webservices.client.MockWebServiceServerTestExecutionListener@58aa5c94]
14:03:36.271 [main] DEBUG org.springframework.test.annotation.ProfileValueUtils - Retrieved @ProfileValueSourceConfiguration [null] for test class [tn.esprit.spring.service.DeprtmentServiceImplTest]
14:03:36.271 [main] DEBUG org.springframework.test.annotation.ProfileValueUtils - Retrieved ProfileValueSource type [class org.springframework.test.annotation.SystemProfileValueSource] for class [tn.esprit.spring.service.DeprtmentServiceImplTest]
14:03:36.273 [main] DEBUG org.springframework.test.annotation.ProfileValueUtils - Retrieved @ProfileValueSourceConfiguration [null] for test class [tn.esprit.spring.service.DeprtmentServiceImplTest]
14:03:36.273 [main] DEBUG org.springframework.test.annotation.ProfileValueUtils - Retrieved ProfileValueSource type [class org.springframework.test.annotation.SystemProfileValueSource] for class [tn.esprit.spring.service.DeprtmentServiceImplTest]
14:03:36.276 [main] DEBUG org.springframework.test.annotation.ProfileValueUtils - Retrieved @ProfileValueSourceConfiguration [null] for test class [tn.esprit.spring.service.DeprtmentServiceImplTest]
14:03:36.277 [main] DEBUG org.springframework.test.annotation.ProfileValueUtils - Retrieved ProfileValueSource type [class org.springframework.test.annotation.SystemProfileValueSource] for class [tn.esprit.spring.service.DeprtmentServiceImplTest]
14:03:36.303 [main] DEBUG org.springframework.test.context.junit4.SpringJUnit4ClassRunner - SpringJUnit4ClassRunner constructor called with [class tn.esprit.spring.service.EmployeServiceImplTest]
14:03:36.303 [main] DEBUG org.springframework.test.context.BootstrapUtils - Instantiating CacheAwareContextLoaderDelegate from class [org.springframework.test.context.cache.DefaultCacheAwareContextLoaderDelegate]
14:03:36.303 [main] DEBUG org.springframework.test.context.BootstrapUtils - Instantiating BootstrapContext using constructor [public org.springframework.test.context.support.DefaultBootstrapContext(java.lang.Class,org.springframework.test.context.CacheAwareContextLoaderDelegate)]
14:03:36.304 [main] DEBUG org.springframework.test.context.BootstrapUtils - Instantiating TestContextBootstrapper for test class [tn.esprit.spring.service.EmployeServiceImplTest] from class [org.springframework.boot.test.context.SpringBootTestContextBootstrapper]
14:03:36.305 [main] INFO org.springframework.boot.test.context.SpringBootTestContextBootstrapper - Neither @ContextConfiguration nor @ContextHierarchy found for test class [tn.esprit.spring.service.EmployeServiceImplTest], using SpringBootContextLoader
14:03:36.305 [main] DEBUG org.springframework.test.context.support.AbstractContextLoader - Did not detect default resource location for test class [tn.esprit.spring.service.EmployeServiceImplTest]: class path resource [tn/esprit/spring/service/EmployeServiceImplTest-context.xml] does not exist
14:03:36.306 [main] DEBUG org.springframework.test.context.support.AbstractContextLoader - Did not detect default resource location for test class [tn.esprit.spring.service.EmployeServiceImplTest]: class path resource [tn/esprit/spring/service/EmployeServiceImplTestContext.groovy] does not exist
14:03:36.306 [main] INFO org.springframework.test.context.support.AbstractContextLoader - Could not detect default resource locations for test class [tn.esprit.spring.service.EmployeServiceImplTest]: no resource found for suffixes {-context.xml, Context.groovy}.
14:03:36.306 [main] INFO org.springframework.test.context.support.AnnotationConfigContextLoaderUtils - Could not detect default configuration classes for test class [tn.esprit.spring.service.EmployeServiceImplTest]: EmployeServiceImplTest does not declare any static, non-private, non-final, nested classes annotated with @Configuration.
14:03:36.308 [main] DEBUG org.springframework.test.context.support.ActiveProfilesUtils - Could not find an 'annotation declaring class' for annotation type [org.springframework.test.context.ActiveProfiles] and class [tn.esprit.spring.service.EmployeServiceImplTest]
14:03:36.308 [main] INFO org.springframework.boot.test.context.SpringBootTestContextBootstrapper - Found @SpringBootConfiguration tn.esprit.spring.TimesheetApplication for test class tn.esprit.spring.service.EmployeServiceImplTest
14:03:36.311 [main] DEBUG org.springframework.boot.test.context.SpringBootTestContextBootstrapper - @TestExecutionListeners is not present for class [tn.esprit.spring.service.EmployeServiceImplTest]: using defaults.
14:03:36.311 [main] INFO org.springframework.boot.test.context.SpringBootTestContextBootstrapper - Loaded default TestExecutionListener class names from location [META-INF/spring.factories]: [org.springframework.boot.test.mock.mockito.MockitoTestExecutionListener, org.springframework.boot.test.mock.mockito.ResetMocksTestExecutionListener, org.springframework.boot.test.autoconfigure.restdocs.RestDocsTestExecutionListener, org.springframework.boot.test.autoconfigure.web.client.MockRestServiceServerResetTestExecutionListener, org.springframework.boot.test.autoconfigure.web.servlet.MockMvcPrintOnlyOnFailureTestExecutionListener, org.springframework.boot.test.autoconfigure.web.servlet.WebDriverTestExecutionListener, org.springframework.boot.test.autoconfigure.webservices.client.MockWebServiceServerTestExecutionListener, org.springframework.test.context.web.ServletTestExecutionListener, org.springframework.test.context.support.DirtiesContextBeforeModesTestExecutionListener, org.springframework.test.context.support.DependencyInjectionTestExecutionListener, org.springframework.test.context.support.DirtiesContextTestExecutionListener, org.springframework.test.context.transaction.TransactionalTestExecutionListener, org.springframework.test.context.jdbc.SqlScriptsTestExecutionListener, org.springframework.test.context.event.EventPublishingTestExecutionListener]
14:03:36.312 [main] INFO org.springframework.boot.test.context.SpringBootTestContextBootstrapper - Using TestExecutionListeners: [org.springframework.test.context.web.ServletTestExecutionListener@1c92a549, org.springframework.test.context.support.DirtiesContextBeforeModesTestExecutionListener@323e026d, org.springframework.boot.test.mock.mockito.MockitoTestExecutionListener@1716c037, org.springframework.boot.test.autoconfigure.SpringBootDependencyInjectionTestExecutionListener@79b63325, org.springframework.test.context.support.DirtiesContextTestExecutionListener@708769b7, org.springframework.test.context.transaction.TransactionalTestExecutionListener@32e830a0, org.springframework.test.context.jdbc.SqlScriptsTestExecutionListener@135e49b2, org.springframework.test.context.event.EventPublishingTestExecutionListener@5bb97fe7, org.springframework.boot.test.mock.mockito.ResetMocksTestExecutionListener@10b87ff6, org.springframework.boot.test.autoconfigure.restdocs.RestDocsTestExecutionListener@63262071, org.springframework.boot.test.autoconfigure.web.client.MockRestServiceServerResetTestExecutionListener@2d4f67e, org.springframework.boot.test.autoconfigure.web.servlet.MockMvcPrintOnlyOnFailureTestExecutionListener@1282f784, org.springframework.boot.test.autoconfigure.web.servlet.WebDriverTestExecutionListener@41167ded, org.springframework.boot.test.autoconfigure.webservices.client.MockWebServiceServerTestExecutionListener@13e1e816]
14:03:36.312 [main] DEBUG org.springframework.test.annotation.ProfileValueUtils - Retrieved @ProfileValueSourceConfiguration [null] for test class [tn.esprit.spring.service.EmployeServiceImplTest]
14:03:36.312 [main] DEBUG org.springframework.test.annotation.ProfileValueUtils - Retrieved ProfileValueSource type [class org.springframework.test.annotation.SystemProfileValueSource] for class [tn.esprit.spring.service.EmployeServiceImplTest]
14:03:36.313 [main] DEBUG org.springframework.test.annotation.ProfileValueUtils - Retrieved @ProfileValueSourceConfiguration [null] for test class [tn.esprit.spring.service.EmployeServiceImplTest]
14:03:36.313 [main] DEBUG org.springframework.test.annotation.ProfileValueUtils - Retrieved ProfileValueSource type [class org.springframework.test.annotation.SystemProfileValueSource] for class [tn.esprit.spring.service.EmployeServiceImplTest]
14:03:36.313 [main] DEBUG org.springframework.test.annotation.ProfileValueUtils - Retrieved @ProfileValueSourceConfiguration [null] for test class [tn.esprit.spring.service.EmployeServiceImplTest]
14:03:36.314 [main] DEBUG org.springframework.test.annotation.ProfileValueUtils - Retrieved ProfileValueSource type [class org.springframework.test.annotation.SystemProfileValueSource] for class [tn.esprit.spring.service.EmployeServiceImplTest]
14:03:36.322 [main] DEBUG org.springframework.test.context.junit4.SpringJUnit4ClassRunner - SpringJUnit4ClassRunner constructor called with [class tn.esprit.spring.service.DeprtmentServiceImplTest]
14:03:36.322 [main] DEBUG org.springframework.test.context.BootstrapUtils - Instantiating CacheAwareContextLoaderDelegate from class [org.springframework.test.context.cache.DefaultCacheAwareContextLoaderDelegate]
14:03:36.323 [main] DEBUG org.springframework.test.context.BootstrapUtils - Instantiating BootstrapContext using constructor [public org.springframework.test.context.support.DefaultBootstrapContext(java.lang.Class,org.springframework.test.context.CacheAwareContextLoaderDelegate)]
14:03:36.323 [main] DEBUG org.springframework.test.context.BootstrapUtils - Instantiating TestContextBootstrapper for test class [tn.esprit.spring.service.DeprtmentServiceImplTest] from class [org.springframework.boot.test.context.SpringBootTestContextBootstrapper]
14:03:36.324 [main] INFO org.springframework.boot.test.context.SpringBootTestContextBootstrapper - Neither @ContextConfiguration nor @ContextHierarchy found for test class [tn.esprit.spring.service.DeprtmentServiceImplTest], using SpringBootContextLoader
14:03:36.325 [main] DEBUG org.springframework.test.context.support.AbstractContextLoader - Did not detect default resource location for test class [tn.esprit.spring.service.DeprtmentServiceImplTest]: class path resource [tn/esprit/spring/service/DeprtmentServiceImplTest-context.xml] does not exist
14:03:36.325 [main] DEBUG org.springframework.test.context.support.AbstractContextLoader - Did not detect default resource location for test class [tn.esprit.spring.service.DeprtmentServiceImplTest]: class path resource [tn/esprit/spring/service/DeprtmentServiceImplTestContext.groovy] does not exist
14:03:36.325 [main] INFO org.springframework.test.context.support.AbstractContextLoader - Could not detect default resource locations for test class [tn.esprit.spring.service.DeprtmentServiceImplTest]: no resource found for suffixes {-context.xml, Context.groovy}.
14:03:36.326 [main] INFO org.springframework.test.context.support.AnnotationConfigContextLoaderUtils - Could not detect default configuration classes for test class [tn.esprit.spring.service.DeprtmentServiceImplTest]: DeprtmentServiceImplTest does not declare any static, non-private, non-final, nested classes annotated with @Configuration.
14:03:36.328 [main] DEBUG org.springframework.test.context.support.ActiveProfilesUtils - Could not find an 'annotation declaring class' for annotation type [org.springframework.test.context.ActiveProfiles] and class [tn.esprit.spring.service.DeprtmentServiceImplTest]
14:03:36.328 [main] INFO org.springframework.boot.test.context.SpringBootTestContextBootstrapper - Found @SpringBootConfiguration tn.esprit.spring.TimesheetApplication for test class tn.esprit.spring.service.DeprtmentServiceImplTest
14:03:36.336 [main] DEBUG org.springframework.boot.test.context.SpringBootTestContextBootstrapper - @TestExecutionListeners is not present for class [tn.esprit.spring.service.DeprtmentServiceImplTest]: using defaults.
14:03:36.336 [main] INFO org.springframework.boot.test.context.SpringBootTestContextBootstrapper - Loaded default TestExecutionListener class names from location [META-INF/spring.factories]: [org.springframework.boot.test.mock.mockito.MockitoTestExecutionListener, org.springframework.boot.test.mock.mockito.ResetMocksTestExecutionListener, org.springframework.boot.test.autoconfigure.restdocs.RestDocsTestExecutionListener, org.springframework.boot.test.autoconfigure.web.client.MockRestServiceServerResetTestExecutionListener, org.springframework.boot.test.autoconfigure.web.servlet.MockMvcPrintOnlyOnFailureTestExecutionListener, org.springframework.boot.test.autoconfigure.web.servlet.WebDriverTestExecutionListener, org.springframework.boot.test.autoconfigure.webservices.client.MockWebServiceServerTestExecutionListener, org.springframework.test.context.web.ServletTestExecutionListener, org.springframework.test.context.support.DirtiesContextBeforeModesTestExecutionListener, org.springframework.test.context.support.DependencyInjectionTestExecutionListener, org.springframework.test.context.support.DirtiesContextTestExecutionListener, org.springframework.test.context.transaction.TransactionalTestExecutionListener, org.springframework.test.context.jdbc.SqlScriptsTestExecutionListener, org.springframework.test.context.event.EventPublishingTestExecutionListener]
14:03:36.336 [main] INFO org.springframework.boot.test.context.SpringBootTestContextBootstrapper - Using TestExecutionListeners: [org.springframework.test.context.web.ServletTestExecutionListener@4ad1a276, org.springframework.test.context.support.DirtiesContextBeforeModesTestExecutionListener@4a833595, org.springframework.boot.test.mock.mockito.MockitoTestExecutionListener@31006a75, org.springframework.boot.test.autoconfigure.SpringBootDependencyInjectionTestExecutionListener@49122853, org.springframework.test.context.support.DirtiesContextTestExecutionListener@e97f115, org.springframework.test.context.transaction.TransactionalTestExecutionListener@5d6b42cf, org.springframework.test.context.jdbc.SqlScriptsTestExecutionListener@6f8ac8d5, org.springframework.test.context.event.EventPublishingTestExecutionListener@370225c7, org.springframework.boot.test.mock.mockito.ResetMocksTestExecutionListener@6ac756b, org.springframework.boot.test.autoconfigure.restdocs.RestDocsTestExecutionListener@156324b, org.springframework.boot.test.autoconfigure.web.client.MockRestServiceServerResetTestExecutionListener@38a38ed4, org.springframework.boot.test.autoconfigure.web.servlet.MockMvcPrintOnlyOnFailureTestExecutionListener@1e29a81a, org.springframework.boot.test.autoconfigure.web.servlet.WebDriverTestExecutionListener@7b4b8199, org.springframework.boot.test.autoconfigure.webservices.client.MockWebServiceServerTestExecutionListener@4bbf20d1]
14:03:36.337 [main] DEBUG org.springframework.test.annotation.ProfileValueUtils - Retrieved @ProfileValueSourceConfiguration [null] for test class [tn.esprit.spring.service.DeprtmentServiceImplTest]
14:03:36.337 [main] DEBUG org.springframework.test.annotation.ProfileValueUtils - Retrieved ProfileValueSource type [class org.springframework.test.annotation.SystemProfileValueSource] for class [tn.esprit.spring.service.DeprtmentServiceImplTest]
14:03:36.337 [main] DEBUG org.springframework.test.annotation.ProfileValueUtils - Retrieved @ProfileValueSourceConfiguration [null] for test class [tn.esprit.spring.service.DeprtmentServiceImplTest]
14:03:36.337 [main] DEBUG org.springframework.test.annotation.ProfileValueUtils - Retrieved ProfileValueSource type [class org.springframework.test.annotation.SystemProfileValueSource] for class [tn.esprit.spring.service.DeprtmentServiceImplTest]
14:03:36.338 [main] DEBUG org.springframework.test.annotation.ProfileValueUtils - Retrieved @ProfileValueSourceConfiguration [null] for test class [tn.esprit.spring.service.DeprtmentServiceImplTest]
14:03:36.338 [main] DEBUG org.springframework.test.annotation.ProfileValueUtils - Retrieved ProfileValueSource type [class org.springframework.test.annotation.SystemProfileValueSource] for class [tn.esprit.spring.service.DeprtmentServiceImplTest]
14:03:36.338 [main] DEBUG org.springframework.test.context.junit4.SpringJUnit4ClassRunner - SpringJUnit4ClassRunner constructor called with [class tn.esprit.spring.service.EmployeServiceImplTest]
14:03:36.338 [main] DEBUG org.springframework.test.context.BootstrapUtils - Instantiating CacheAwareContextLoaderDelegate from class [org.springframework.test.context.cache.DefaultCacheAwareContextLoaderDelegate]
14:03:36.338 [main] DEBUG org.springframework.test.context.BootstrapUtils - Instantiating BootstrapContext using constructor [public org.springframework.test.context.support.DefaultBootstrapContext(java.lang.Class,org.springframework.test.context.CacheAwareContextLoaderDelegate)]
14:03:36.339 [main] DEBUG org.springframework.test.context.BootstrapUtils - Instantiating TestContextBootstrapper for test class [tn.esprit.spring.service.EmployeServiceImplTest] from class [org.springframework.boot.test.context.SpringBootTestContextBootstrapper]
14:03:36.339 [main] INFO org.springframework.boot.test.context.SpringBootTestContextBootstrapper - Neither @ContextConfiguration nor @ContextHierarchy found for test class [tn.esprit.spring.service.EmployeServiceImplTest], using SpringBootContextLoader
14:03:36.340 [main] DEBUG org.springframework.test.context.support.AbstractContextLoader - Did not detect default resource location for test class [tn.esprit.spring.service.EmployeServiceImplTest]: class path resource [tn/esprit/spring/service/EmployeServiceImplTest-context.xml] does not exist
14:03:36.340 [main] DEBUG org.springframework.test.context.support.AbstractContextLoader - Did not detect default resource location for test class [tn.esprit.spring.service.EmployeServiceImplTest]: class path resource [tn/esprit/spring/service/EmployeServiceImplTestContext.groovy] does not exist
14:03:36.340 [main] INFO org.springframework.test.context.support.AbstractContextLoader - Could not detect default resource locations for test class [tn.esprit.spring.service.EmployeServiceImplTest]: no resource found for suffixes {-context.xml, Context.groovy}.
14:03:36.340 [main] INFO org.springframework.test.context.support.AnnotationConfigContextLoaderUtils - Could not detect default configuration classes for test class [tn.esprit.spring.service.EmployeServiceImplTest]: EmployeServiceImplTest does not declare any static, non-private, non-final, nested classes annotated with @Configuration.
14:03:36.342 [main] DEBUG org.springframework.test.context.support.ActiveProfilesUtils - Could not find an 'annotation declaring class' for annotation type [org.springframework.test.context.ActiveProfiles] and class [tn.esprit.spring.service.EmployeServiceImplTest]
14:03:36.342 [main] INFO org.springframework.boot.test.context.SpringBootTestContextBootstrapper - Found @SpringBootConfiguration tn.esprit.spring.TimesheetApplication for test class tn.esprit.spring.service.EmployeServiceImplTest
14:03:36.344 [main] DEBUG org.springframework.boot.test.context.SpringBootTestContextBootstrapper - @TestExecutionListeners is not present for class [tn.esprit.spring.service.EmployeServiceImplTest]: using defaults.
14:03:36.344 [main] INFO org.springframework.boot.test.context.SpringBootTestContextBootstrapper - Loaded default TestExecutionListener class names from location [META-INF/spring.factories]: [org.springframework.boot.test.mock.mockito.MockitoTestExecutionListener, org.springframework.boot.test.mock.mockito.ResetMocksTestExecutionListener, org.springframework.boot.test.autoconfigure.restdocs.RestDocsTestExecutionListener, org.springframework.boot.test.autoconfigure.web.client.MockRestServiceServerResetTestExecutionListener, org.springframework.boot.test.autoconfigure.web.servlet.MockMvcPrintOnlyOnFailureTestExecutionListener, org.springframework.boot.test.autoconfigure.web.servlet.WebDriverTestExecutionListener, org.springframework.boot.test.autoconfigure.webservices.client.MockWebServiceServerTestExecutionListener, org.springframework.test.context.web.ServletTestExecutionListener, org.springframework.test.context.support.DirtiesContextBeforeModesTestExecutionListener, org.springframework.test.context.support.DependencyInjectionTestExecutionListener, org.springframework.test.context.support.DirtiesContextTestExecutionListener, org.springframework.test.context.transaction.TransactionalTestExecutionListener, org.springframework.test.context.jdbc.SqlScriptsTestExecutionListener, org.springframework.test.context.event.EventPublishingTestExecutionListener]
14:03:36.345 [main] INFO org.springframework.boot.test.context.SpringBootTestContextBootstrapper - Using TestExecutionListeners: [org.springframework.test.context.web.ServletTestExecutionListener@3cf4dec7, org.springframework.test.context.support.DirtiesContextBeforeModesTestExecutionListener@1b94c789, org.springframework.boot.test.mock.mockito.MockitoTestExecutionListener@299fc582, org.springframework.boot.test.autoconfigure.SpringBootDependencyInjectionTestExecutionListener@305aaedf, org.springframework.test.context.support.DirtiesContextTestExecutionListener@2a425cf5, org.springframework.test.context.transaction.TransactionalTestExecutionListener@17d76ebb, org.springframework.test.context.jdbc.SqlScriptsTestExecutionListener@40b31a16, org.springframework.test.context.event.EventPublishingTestExecutionListener@25fa6889, org.springframework.boot.test.mock.mockito.ResetMocksTestExecutionListener@1de73d37, org.springframework.boot.test.autoconfigure.restdocs.RestDocsTestExecutionListener@31693a86, org.springframework.boot.test.autoconfigure.web.client.MockRestServiceServerResetTestExecutionListener@69d2e517, org.springframework.boot.test.autoconfigure.web.servlet.MockMvcPrintOnlyOnFailureTestExecutionListener@1f9a7684, org.springframework.boot.test.autoconfigure.web.servlet.WebDriverTestExecutionListener@3b30eec5, org.springframework.boot.test.autoconfigure.webservices.client.MockWebServiceServerTestExecutionListener@43755e2f]
14:03:36.345 [main] DEBUG org.springframework.test.annotation.ProfileValueUtils - Retrieved @ProfileValueSourceConfiguration [null] for test class [tn.esprit.spring.service.EmployeServiceImplTest]
14:03:36.345 [main] DEBUG org.springframework.test.annotation.ProfileValueUtils - Retrieved ProfileValueSource type [class org.springframework.test.annotation.SystemProfileValueSource] for class [tn.esprit.spring.service.EmployeServiceImplTest]
14:03:36.345 [main] DEBUG org.springframework.test.annotation.ProfileValueUtils - Retrieved @ProfileValueSourceConfiguration [null] for test class [tn.esprit.spring.service.EmployeServiceImplTest]
14:03:36.345 [main] DEBUG org.springframework.test.annotation.ProfileValueUtils - Retrieved ProfileValueSource type [class org.springframework.test.annotation.SystemProfileValueSource] for class [tn.esprit.spring.service.EmployeServiceImplTest]
14:03:36.345 [main] DEBUG org.springframework.test.annotation.ProfileValueUtils - Retrieved @ProfileValueSourceConfiguration [null] for test class [tn.esprit.spring.service.EmployeServiceImplTest]
14:03:36.345 [main] DEBUG org.springframework.test.annotation.ProfileValueUtils - Retrieved ProfileValueSource type [class org.springframework.test.annotation.SystemProfileValueSource] for class [tn.esprit.spring.service.EmployeServiceImplTest]
14:03:36.405 [main] DEBUG org.springframework.test.annotation.ProfileValueUtils - Retrieved @ProfileValueSourceConfiguration [null] for test class [tn.esprit.spring.service.DeprtmentServiceImplTest]
14:03:36.405 [main] DEBUG org.springframework.test.annotation.ProfileValueUtils - Retrieved ProfileValueSource type [class org.springframework.test.annotation.SystemProfileValueSource] for class [tn.esprit.spring.service.DeprtmentServiceImplTest]
14:03:36.409 [main] DEBUG org.springframework.test.annotation.ProfileValueUtils - Retrieved @ProfileValueSourceConfiguration [null] for test class [tn.esprit.spring.service.DeprtmentServiceImplTest]
14:03:36.409 [main] DEBUG org.springframework.test.annotation.ProfileValueUtils - Retrieved ProfileValueSource type [class org.springframework.test.annotation.SystemProfileValueSource] for class [tn.esprit.spring.service.DeprtmentServiceImplTest]
14:03:36.410 [main] DEBUG org.springframework.test.annotation.ProfileValueUtils - Retrieved @ProfileValueSourceConfiguration [null] for test class [tn.esprit.spring.service.DeprtmentServiceImplTest]
14:03:36.410 [main] DEBUG org.springframework.test.annotation.ProfileValueUtils - Retrieved ProfileValueSource type [class org.springframework.test.annotation.SystemProfileValueSource] for class [tn.esprit.spring.service.DeprtmentServiceImplTest]
14:03:36.416 [main] DEBUG org.springframework.test.context.support.AbstractDirtiesContextTestExecutionListener - Before test class: context [DefaultTestContext@aee05f4 testClass = DeprtmentServiceImplTest, testInstance = [null], testMethod = [null], testException = [null], mergedContextConfiguration = [WebMergedContextConfiguration@2b4829aa testClass = DeprtmentServiceImplTest, locations = '{}', classes = '{class tn.esprit.spring.TimesheetApplication}', contextInitializerClasses = '[]', activeProfiles = '{}', propertySourceLocations = '{}', propertySourceProperties = '{org.springframework.boot.test.context.SpringBootTestContextBootstrapper=true}', contextCustomizers = set[org.springframework.boot.test.context.filter.ExcludeFilterContextCustomizer@48b4a043, org.springframework.boot.test.json.DuplicateJsonObjectContextCustomizerFactory$DuplicateJsonObjectContextCustomizer@58fef7f7, org.springframework.boot.test.mock.mockito.MockitoContextCustomizer@0, org.springframework.boot.test.web.client.TestRestTemplateContextCustomizer@7e5843db, org.springframework.boot.test.autoconfigure.properties.PropertyMappingContextCustomizer@0, org.springframework.boot.test.autoconfigure.web.servlet.WebDriverContextCustomizerFactory$Customizer@80bfa9d, org.springframework.boot.test.context.SpringBootTestArgs@1, org.springframework.boot.test.context.SpringBootTestWebEnvironment@3cb8c8ce], resourceBasePath = 'src/main/webapp', contextLoader = 'org.springframework.boot.test.context.SpringBootContextLoader', parent = [null]], attributes = map['org.springframework.test.context.web.ServletTestExecutionListener.activateListener' -> true]], class annotated with @DirtiesContext [false] with mode [null].
14:03:36.418 [main] DEBUG org.springframework.test.annotation.ProfileValueUtils - Retrieved @ProfileValueSourceConfiguration [null] for test class [tn.esprit.spring.service.DeprtmentServiceImplTest]
14:03:36.419 [main] DEBUG org.springframework.test.annotation.ProfileValueUtils - Retrieved ProfileValueSource type [class org.springframework.test.annotation.SystemProfileValueSource] for class [tn.esprit.spring.service.DeprtmentServiceImplTest]
14:03:36.448 [main] DEBUG org.springframework.test.context.support.TestPropertySourceUtils - Adding inlined properties to environment: {spring.jmx.enabled=false, org.springframework.boot.test.context.SpringBootTestContextBootstrapper=true}

  .   ____          _            __ _ _
 /\\ / ___'_ __ _ _(_)_ __  __ _ \ \ \ \
( ( )\___ | '_ | '_| | '_ \/ _` | \ \ \ \
 \\/  ___)| |_)| | | | | || (_| |  ) ) ) )
  '  |____| .__|_| |_|_| |_\__, | / / / /
 =========|_|==============|___/=/_/_/_/
 :: Spring Boot ::        (v2.3.5.RELEASE)

2021-10-24 14:03:36 - INFO  - tn.esprit.spring.service.DeprtmentServiceImplTest - Starting DeprtmentServiceImplTest on MSI with PID 2236 (started by ahmed in C:\Users\ahmed\Documents\workspace-sts-3.8.4.RELEASE\Timesheet\timesheet-ci)
2021-10-24 14:03:36 - INFO  - tn.esprit.spring.service.DeprtmentServiceImplTest - No active profile set, falling back to default profiles: default
2021-10-24 14:03:38 - INFO  - org.hibernate.jpa.internal.util.LogHelper - HHH000204: Processing PersistenceUnitInfo [name: default]
2021-10-24 14:03:38 - INFO  - org.hibernate.Version - HHH000412: Hibernate ORM core version 5.4.22.Final
2021-10-24 14:03:38 - WARN  - o.s.b.a.orm.jpa.JpaBaseConfiguration$JpaWebConfiguration - spring.jpa.open-in-view is enabled by default. Therefore, database queries may be performed during view rendering. Explicitly configure spring.jpa.open-in-view to disable this warning
2021-10-24 14:03:38 - INFO  - org.hibernate.annotations.common.Version - HCANN000001: Hibernate Commons Annotations {5.1.0.Final}
2021-10-24 14:03:39 - INFO  - org.hibernate.dialect.Dialect - HHH000400: Using dialect: org.hibernate.dialect.MySQL5InnoDBDialect
Hibernate: create table contrat (reference integer not null auto_increment, date_debut date, salaire float not null, type_contrat varchar(255), primary key (reference)) engine=InnoDB
Hibernate: create table departement (id integer not null auto_increment, name varchar(255), entreprise_id integer, primary key (id)) engine=InnoDB
Hibernate: create table departement_employes (departements_id integer not null, employes_id integer not null) engine=InnoDB
Hibernate: create table employe (id integer not null auto_increment, actif bit not null, email varchar(255), nom varchar(255), password varchar(255), prenom varchar(255), role varchar(255), contrat_reference integer, primary key (id)) engine=InnoDB
Hibernate: create table entreprise (id integer not null auto_increment, name varchar(255), raison_social varchar(255), primary key (id)) engine=InnoDB
Hibernate: create table mission (dtype varchar(31) not null, id integer not null auto_increment, description varchar(255), name varchar(255), email_facturation varchar(255), taux_journalier_moyen float, departement_id integer, primary key (id)) engine=InnoDB
Hibernate: create table t_user (id bigint not null auto_increment, date_naissance date, first_name varchar(255), last_name varchar(255), role varchar(255), primary key (id)) engine=InnoDB
Hibernate: create table timesheet (date_debut date not null, date_fin date not null, id_employe integer not null, id_mission integer not null, is_valide bit not null, primary key (date_debut, date_fin, id_employe, id_mission)) engine=InnoDB
Hibernate: alter table departement add constraint FKkg0jmw8ih55tnlfet3ucbkfsy foreign key (entreprise_id) references entreprise (id)
Hibernate: alter table departement_employes add constraint FKp688tcln21xhsg34l5ltk164s foreign key (employes_id) references employe (id)
Hibernate: alter table departement_employes add constraint FK1lnr2unyxtqxd0olwlepjt0gp foreign key (departements_id) references departement (id)
Hibernate: alter table employe add constraint FKqrfpc7y85n8p6occurwvntpfr foreign key (contrat_reference) references contrat (reference)
Hibernate: alter table mission add constraint FKso6moxdlog3powkcqulmtfg1s foreign key (departement_id) references departement (id)
Hibernate: alter table timesheet add constraint FK2skc3sqdd7v35jgqrdfimuqxr foreign key (id_employe) references employe (id)
Hibernate: alter table timesheet add constraint FKbauiu1nsna8neie2d892t99vq foreign key (id_mission) references mission (id)
2021-10-24 14:03:40 - INFO  - o.h.e.transaction.jta.platform.internal.JtaPlatformInitiator - HHH000490: Using JtaPlatform implementation: [org.hibernate.engine.transaction.jta.platform.internal.NoJtaPlatform]
2021-10-24 14:03:41 - INFO  - tn.esprit.spring.service.DeprtmentServiceImplTest - Started DeprtmentServiceImplTest in 4.729 seconds (JVM running for 6.071)
Hibernate: select departemen0_.id as id1_1_0_, departemen0_.entreprise_id as entrepri3_1_0_, departemen0_.name as name2_1_0_, employes1_.departements_id as departem1_2_1_, employe2_.id as employes2_2_1_, employe2_.id as id1_3_2_, employe2_.actif as actif2_3_2_, employe2_.contrat_reference as contrat_8_3_2_, employe2_.email as email3_3_2_, employe2_.nom as nom4_3_2_, employe2_.password as password5_3_2_, employe2_.prenom as prenom6_3_2_, employe2_.role as role7_3_2_, contrat3_.reference as referenc1_0_3_, contrat3_.date_debut as date_deb2_0_3_, contrat3_.salaire as salaire3_0_3_, contrat3_.type_contrat as type_con4_0_3_, entreprise4_.id as id1_4_4_, entreprise4_.name as name2_4_4_, entreprise4_.raison_social as raison_s3_4_4_ from departement departemen0_ left outer join departement_employes employes1_ on departemen0_.id=employes1_.departements_id left outer join employe employe2_ on employes1_.employes_id=employe2_.id left outer join contrat contrat3_ on employe2_.contrat_reference=contrat3_.reference left outer join entreprise entreprise4_ on departemen0_.entreprise_id=entreprise4_.id where departemen0_.id=?
]]></system-out>
  </testcase>
  <testcase name="testRetrieveAlldepartments" classname="tn.esprit.spring.service.DeprtmentServiceImplTest" time="0.197">
    <failure message="expected:&lt;11&gt; but was:&lt;0&gt;" type="java.lang.AssertionError"><![CDATA[java.lang.AssertionError: expected:<11> but was:<0>
	at tn.esprit.spring.service.DeprtmentServiceImplTest.testRetrieveAlldepartments(DeprtmentServiceImplTest.java:30)
]]></failure>
    <system-out><![CDATA[2021-10-24 14:03:41 - INFO  - tn.esprit.spring.services.EmployeServiceImpl - In retrieveAllDepartments() : 
Hibernate: select departemen0_.id as id1_1_, departemen0_.entreprise_id as entrepri3_1_, departemen0_.name as name2_1_ from departement departemen0_
2021-10-24 14:03:41 - INFO  - tn.esprit.spring.services.EmployeServiceImpl - Out of retrieveAlldepartment() : 
]]></system-out>
  </testcase>
  <testcase name="testAddDepartment" classname="tn.esprit.spring.service.DeprtmentServiceImplTest" time="0.056"/>
  <testcase name="testRetrieveDepartment" classname="tn.esprit.spring.service.DeprtmentServiceImplTest" time="0.006">
    <error type="java.lang.NullPointerException">java.lang.NullPointerException
	at tn.esprit.spring.service.DeprtmentServiceImplTest.testRetrieveDepartment(DeprtmentServiceImplTest.java:51)
</error>
    <system-out><![CDATA[2021-10-24 14:03:41 - INFO  - tn.esprit.spring.services.EmployeServiceImpl - in  retrieveDepartement id = 2
Hibernate: select departemen0_.id as id1_1_0_, departemen0_.entreprise_id as entrepri3_1_0_, departemen0_.name as name2_1_0_, employes1_.departements_id as departem1_2_1_, employe2_.id as employes2_2_1_, employe2_.id as id1_3_2_, employe2_.actif as actif2_3_2_, employe2_.contrat_reference as contrat_8_3_2_, employe2_.email as email3_3_2_, employe2_.nom as nom4_3_2_, employe2_.password as password5_3_2_, employe2_.prenom as prenom6_3_2_, employe2_.role as role7_3_2_, contrat3_.reference as referenc1_0_3_, contrat3_.date_debut as date_deb2_0_3_, contrat3_.salaire as salaire3_0_3_, contrat3_.type_contrat as type_con4_0_3_, entreprise4_.id as id1_4_4_, entreprise4_.name as name2_4_4_, entreprise4_.raison_social as raison_s3_4_4_ from departement departemen0_ left outer join departement_employes employes1_ on departemen0_.id=employes1_.departements_id left outer join employe employe2_ on employes1_.employes_id=employe2_.id left outer join contrat contrat3_ on employe2_.contrat_reference=contrat3_.reference left outer join entreprise entreprise4_ on departemen0_.entreprise_id=entreprise4_.id where departemen0_.id=?
2021-10-24 14:03:41 - INFO  - tn.esprit.spring.services.EmployeServiceImpl - department returned : null
]]></system-out>
  </testcase>
  <testcase name="testModifyDepartment" classname="tn.esprit.spring.service.DeprtmentServiceImplTest" time="0.008"/>
</testsuite>